STARTING >>>>>> ISSUE01_EXP1 
[2021-05-11 21:18:31,190] INFO    (__init__-24): DEVICE: cuda, found 2 gpus: ['0', '1']
[2021-05-11 21:18:31,203] INFO    (__init__-37): tfboard writer created. 
[2021-05-11 21:18:31,293] INFO    (main_entry-53): 18943 samples for training --- 3481 samples for validation
[2021-05-11 21:18:39,687] INFO    (base_engine-64): Train >>> ISSUE01_EXP1
[2021-05-11 21:18:39,689] INFO    (base_engine-77): Epc: 0/200, val_loss:100000000.0
[2021-05-11 21:20:17,337] INFO    (base_engine-98): New min Val loss 0.8762 at [000]: Val_Accu:0.77
[2021-05-11 21:20:23,679] INFO    (base_engine-101): current lr_rate is [0.001]
[2021-05-11 21:20:23,680] INFO    (base_engine-77): Epc: 1/200, val_loss:0.8761827307088035
[2021-05-11 21:21:35,213] INFO    (base_engine-98): New min Val loss 0.7274 at [001]: Val_Accu:0.76
[2021-05-11 21:21:42,018] INFO    (base_engine-101): current lr_rate is [0.001]
[2021-05-11 21:21:42,020] INFO    (base_engine-77): Epc: 2/200, val_loss:0.7274048732859748
[2021-05-11 21:22:53,187] INFO    (base_engine-101): current lr_rate is [0.001]
[2021-05-11 21:22:53,189] INFO    (base_engine-77): Epc: 3/200, val_loss:0.7274048732859748
[2021-05-11 21:24:05,276] INFO    (base_engine-101): current lr_rate is [0.001]
[2021-05-11 21:24:05,278] INFO    (base_engine-77): Epc: 4/200, val_loss:0.7274048732859748
[2021-05-11 21:25:16,789] INFO    (base_engine-98): New min Val loss 0.6029 at [004]: Val_Accu:0.76
[2021-05-11 21:25:23,804] INFO    (base_engine-101): current lr_rate is [0.001]
[2021-05-11 21:25:23,806] INFO    (base_engine-77): Epc: 5/200, val_loss:0.6029061504772731
[2021-05-11 21:26:36,025] INFO    (base_engine-98): New min Val loss 0.5365 at [005]: Val_Accu:0.78
[2021-05-11 21:26:43,065] INFO    (base_engine-101): current lr_rate is [0.001]
[2021-05-11 21:26:43,067] INFO    (base_engine-77): Epc: 6/200, val_loss:0.5365238306777818
[2021-05-11 21:27:55,159] INFO    (base_engine-98): New min Val loss 0.5357 at [006]: Val_Accu:0.78
[2021-05-11 21:28:01,987] INFO    (base_engine-101): current lr_rate is [0.001]
[2021-05-11 21:28:01,989] INFO    (base_engine-77): Epc: 7/200, val_loss:0.5357086552040917
[2021-05-11 21:29:14,474] INFO    (base_engine-101): current lr_rate is [0.001]
[2021-05-11 21:29:14,476] INFO    (base_engine-77): Epc: 8/200, val_loss:0.5357086552040917
[2021-05-11 21:30:25,105] INFO    (base_engine-101): current lr_rate is [0.001]
[2021-05-11 21:30:25,109] INFO    (base_engine-77): Epc: 9/200, val_loss:0.5357086552040917
[2021-05-11 21:31:36,990] INFO    (base_engine-101): current lr_rate is [0.001]
[2021-05-11 21:31:36,992] INFO    (base_engine-77): Epc: 10/200, val_loss:0.5357086552040917
[2021-05-11 21:32:48,721] INFO    (base_engine-101): current lr_rate is [0.001]
[2021-05-11 21:32:48,723] INFO    (base_engine-77): Epc: 11/200, val_loss:0.5357086552040917
[2021-05-11 21:34:00,229] INFO    (base_engine-101): current lr_rate is [0.001]
[2021-05-11 21:34:00,231] INFO    (base_engine-77): Epc: 12/200, val_loss:0.5357086552040917
[2021-05-11 21:35:14,133] INFO    (base_engine-101): current lr_rate is [0.001]
[2021-05-11 21:35:14,135] INFO    (base_engine-77): Epc: 13/200, val_loss:0.5357086552040917
[2021-05-11 21:36:26,826] INFO    (base_engine-101): current lr_rate is [0.001]
[2021-05-11 21:36:26,828] INFO    (base_engine-77): Epc: 14/200, val_loss:0.5357086552040917
[2021-05-11 21:37:38,121] INFO    (base_engine-98): New min Val loss 0.5178 at [014]: Val_Accu:0.79
[2021-05-11 21:37:46,144] INFO    (base_engine-101): current lr_rate is [0.001]
[2021-05-11 21:37:46,146] INFO    (base_engine-77): Epc: 15/200, val_loss:0.517793637833425
[2021-05-11 21:38:58,333] INFO    (base_engine-98): New min Val loss 0.4825 at [015]: Val_Accu:0.79
[2021-05-11 21:39:04,894] INFO    (base_engine-101): current lr_rate is [0.001]
[2021-05-11 21:39:04,896] INFO    (base_engine-77): Epc: 16/200, val_loss:0.4825218975810068
[2021-05-11 21:40:16,566] INFO    (base_engine-101): current lr_rate is [0.001]
[2021-05-11 21:40:16,570] INFO    (base_engine-77): Epc: 17/200, val_loss:0.4825218975810068
[2021-05-11 21:41:28,680] INFO    (base_engine-101): current lr_rate is [0.001]
[2021-05-11 21:41:28,681] INFO    (base_engine-77): Epc: 18/200, val_loss:0.4825218975810068
[2021-05-11 21:42:39,922] INFO    (base_engine-101): current lr_rate is [0.001]
[2021-05-11 21:42:39,924] INFO    (base_engine-77): Epc: 19/200, val_loss:0.4825218975810068
[2021-05-11 21:43:52,403] INFO    (base_engine-101): current lr_rate is [0.001]
[2021-05-11 21:43:52,407] INFO    (base_engine-77): Epc: 20/200, val_loss:0.4825218975810068
[2021-05-11 21:45:04,341] INFO    (base_engine-101): current lr_rate is [0.001]
[2021-05-11 21:45:04,343] INFO    (base_engine-77): Epc: 21/200, val_loss:0.4825218975810068
[2021-05-11 21:46:15,750] INFO    (base_engine-101): current lr_rate is [0.001]
[2021-05-11 21:46:15,752] INFO    (base_engine-77): Epc: 22/200, val_loss:0.4825218975810068
[2021-05-11 21:47:27,661] INFO    (base_engine-101): current lr_rate is [0.001]
[2021-05-11 21:47:27,666] INFO    (base_engine-77): Epc: 23/200, val_loss:0.4825218975810068
[2021-05-11 21:48:40,160] INFO    (base_engine-101): current lr_rate is [0.001]
[2021-05-11 21:48:40,162] INFO    (base_engine-77): Epc: 24/200, val_loss:0.4825218975810068
[2021-05-11 21:49:52,154] INFO    (base_engine-101): current lr_rate is [0.001]
[2021-05-11 21:49:52,156] INFO    (base_engine-77): Epc: 25/200, val_loss:0.4825218975810068
[2021-05-11 21:51:03,543] INFO    (base_engine-101): current lr_rate is [0.001]
[2021-05-11 21:51:03,549] INFO    (base_engine-77): Epc: 26/200, val_loss:0.4825218975810068
[2021-05-11 21:52:14,864] INFO    (base_engine-101): current lr_rate is [0.0001]
[2021-05-11 21:52:14,867] INFO    (base_engine-77): Epc: 27/200, val_loss:0.4825218975810068
[2021-05-11 21:53:26,805] INFO    (base_engine-101): current lr_rate is [0.0001]
[2021-05-11 21:53:26,807] INFO    (base_engine-77): Epc: 28/200, val_loss:0.4825218975810068
[2021-05-11 21:54:38,709] INFO    (base_engine-101): current lr_rate is [0.0001]
[2021-05-11 21:54:38,713] INFO    (base_engine-77): Epc: 29/200, val_loss:0.4825218975810068
[2021-05-11 21:55:50,789] INFO    (base_engine-101): current lr_rate is [0.0001]
[2021-05-11 21:55:50,791] INFO    (base_engine-77): Epc: 30/200, val_loss:0.4825218975810068
[2021-05-11 21:57:01,744] INFO    (base_engine-101): current lr_rate is [0.0001]
[2021-05-11 21:57:01,746] INFO    (base_engine-77): Epc: 31/200, val_loss:0.4825218975810068
[2021-05-11 21:58:13,110] INFO    (base_engine-101): current lr_rate is [0.0001]
[2021-05-11 21:58:13,112] INFO    (base_engine-77): Epc: 32/200, val_loss:0.4825218975810068
[2021-05-11 21:59:23,263] INFO    (base_engine-101): current lr_rate is [0.0001]
[2021-05-11 21:59:23,264] INFO    (base_engine-77): Epc: 33/200, val_loss:0.4825218975810068
[2021-05-11 22:00:34,498] INFO    (base_engine-101): current lr_rate is [0.0001]
[2021-05-11 22:00:34,500] INFO    (base_engine-77): Epc: 34/200, val_loss:0.4825218975810068
[2021-05-11 22:01:47,031] INFO    (base_engine-101): current lr_rate is [0.0001]
[2021-05-11 22:01:47,033] INFO    (base_engine-77): Epc: 35/200, val_loss:0.4825218975810068
[2021-05-11 22:02:59,761] INFO    (base_engine-101): current lr_rate is [0.0001]
[2021-05-11 22:02:59,764] INFO    (base_engine-77): Epc: 36/200, val_loss:0.4825218975810068
[2021-05-11 22:04:11,731] INFO    (base_engine-101): current lr_rate is [0.0001]
[2021-05-11 22:04:11,732] INFO    (base_engine-77): Epc: 37/200, val_loss:0.4825218975810068
[2021-05-11 22:05:23,835] INFO    (base_engine-101): current lr_rate is [1e-05]
[2021-05-11 22:05:23,838] INFO    (base_engine-77): Epc: 38/200, val_loss:0.4825218975810068
[2021-05-11 22:06:36,454] INFO    (base_engine-101): current lr_rate is [1e-05]
[2021-05-11 22:06:36,456] INFO    (base_engine-77): Epc: 39/200, val_loss:0.4825218975810068
[2021-05-11 22:07:47,741] INFO    (base_engine-101): current lr_rate is [1e-05]
[2021-05-11 22:07:47,743] INFO    (base_engine-77): Epc: 40/200, val_loss:0.4825218975810068
[2021-05-11 22:09:01,218] INFO    (base_engine-101): current lr_rate is [1e-05]
[2021-05-11 22:09:01,219] INFO    (base_engine-77): Epc: 41/200, val_loss:0.4825218975810068
[2021-05-11 22:10:11,868] INFO    (base_engine-101): current lr_rate is [1e-05]
[2021-05-11 22:10:11,870] INFO    (base_engine-77): Epc: 42/200, val_loss:0.4825218975810068
[2021-05-11 22:11:23,096] INFO    (base_engine-101): current lr_rate is [1e-05]
[2021-05-11 22:11:23,098] INFO    (base_engine-77): Epc: 43/200, val_loss:0.4825218975810068
[2021-05-11 22:12:32,568] INFO    (base_engine-101): current lr_rate is [1e-05]
[2021-05-11 22:12:32,569] INFO    (base_engine-77): Epc: 44/200, val_loss:0.4825218975810068
[2021-05-11 22:13:43,973] INFO    (base_engine-101): current lr_rate is [1e-05]
[2021-05-11 22:13:43,975] INFO    (base_engine-77): Epc: 45/200, val_loss:0.4825218975810068
[2021-05-11 22:14:53,911] INFO    (base_engine-101): current lr_rate is [1e-05]
[2021-05-11 22:14:53,912] INFO    (base_engine-77): Epc: 46/200, val_loss:0.4825218975810068
[2021-05-11 22:16:05,907] INFO    (base_engine-101): current lr_rate is [1e-05]
[2021-05-11 22:16:05,909] INFO    (base_engine-77): Epc: 47/200, val_loss:0.4825218975810068
[2021-05-11 22:17:18,927] INFO    (base_engine-101): current lr_rate is [1e-05]
[2021-05-11 22:17:18,929] INFO    (base_engine-77): Epc: 48/200, val_loss:0.4825218975810068
[2021-05-11 22:18:29,758] INFO    (base_engine-101): current lr_rate is [1.0000000000000002e-06]
[2021-05-11 22:18:29,761] INFO    (base_engine-77): Epc: 49/200, val_loss:0.4825218975810068
[2021-05-11 22:19:42,208] INFO    (base_engine-101): current lr_rate is [1.0000000000000002e-06]
[2021-05-11 22:19:42,210] INFO    (base_engine-77): Epc: 50/200, val_loss:0.4825218975810068
[2021-05-11 22:20:53,142] INFO    (base_engine-101): current lr_rate is [1.0000000000000002e-06]
[2021-05-11 22:20:53,144] INFO    (base_engine-77): Epc: 51/200, val_loss:0.4825218975810068
[2021-05-11 22:22:04,555] INFO    (base_engine-101): current lr_rate is [1.0000000000000002e-06]
[2021-05-11 22:22:04,556] INFO    (base_engine-77): Epc: 52/200, val_loss:0.4825218975810068
[2021-05-11 22:23:16,962] INFO    (base_engine-101): current lr_rate is [1.0000000000000002e-06]
[2021-05-11 22:23:16,964] INFO    (base_engine-77): Epc: 53/200, val_loss:0.4825218975810068
[2021-05-11 22:24:30,245] INFO    (base_engine-101): current lr_rate is [1.0000000000000002e-06]
[2021-05-11 22:24:30,249] INFO    (base_engine-77): Epc: 54/200, val_loss:0.4825218975810068
[2021-05-11 22:25:40,690] INFO    (base_engine-101): current lr_rate is [1.0000000000000002e-06]
[2021-05-11 22:25:40,692] INFO    (base_engine-77): Epc: 55/200, val_loss:0.4825218975810068
[2021-05-11 22:26:51,711] INFO    (base_engine-101): current lr_rate is [1.0000000000000002e-06]
[2021-05-11 22:26:51,713] INFO    (base_engine-77): Epc: 56/200, val_loss:0.4825218975810068
[2021-05-11 22:28:03,532] INFO    (base_engine-101): current lr_rate is [1.0000000000000002e-06]
[2021-05-11 22:28:03,534] INFO    (base_engine-77): Epc: 57/200, val_loss:0.4825218975810068
[2021-05-11 22:29:14,375] INFO    (base_engine-101): current lr_rate is [1.0000000000000002e-06]
[2021-05-11 22:29:14,377] INFO    (base_engine-77): Epc: 58/200, val_loss:0.4825218975810068
[2021-05-11 22:30:25,331] INFO    (base_engine-101): current lr_rate is [1.0000000000000002e-06]
[2021-05-11 22:30:25,332] INFO    (base_engine-77): Epc: 59/200, val_loss:0.4825218975810068
[2021-05-11 22:31:39,209] INFO    (base_engine-101): current lr_rate is [1.0000000000000002e-07]
[2021-05-11 22:31:39,211] INFO    (base_engine-77): Epc: 60/200, val_loss:0.4825218975810068
[2021-05-11 22:32:50,367] INFO    (base_engine-101): current lr_rate is [1.0000000000000002e-07]
[2021-05-11 22:32:50,369] INFO    (base_engine-77): Epc: 61/200, val_loss:0.4825218975810068
[2021-05-11 22:34:01,595] INFO    (base_engine-101): current lr_rate is [1.0000000000000002e-07]
[2021-05-11 22:34:01,596] INFO    (base_engine-77): Epc: 62/200, val_loss:0.4825218975810068
[2021-05-11 22:35:13,042] INFO    (base_engine-101): current lr_rate is [1.0000000000000002e-07]
[2021-05-11 22:35:13,044] INFO    (base_engine-77): Epc: 63/200, val_loss:0.4825218975810068
[2021-05-11 22:36:23,649] INFO    (base_engine-101): current lr_rate is [1.0000000000000002e-07]
[2021-05-11 22:36:23,651] INFO    (base_engine-77): Epc: 64/200, val_loss:0.4825218975810068
[2021-05-11 22:37:35,388] INFO    (base_engine-101): current lr_rate is [1.0000000000000002e-07]
[2021-05-11 22:37:35,390] INFO    (base_engine-77): Epc: 65/200, val_loss:0.4825218975810068
[2021-05-11 22:38:48,580] INFO    (base_engine-101): current lr_rate is [1.0000000000000002e-07]
[2021-05-11 22:38:48,582] INFO    (base_engine-77): Epc: 66/200, val_loss:0.4825218975810068
[2021-05-11 22:40:00,418] INFO    (base_engine-101): current lr_rate is [1.0000000000000002e-07]
[2021-05-11 22:40:00,420] INFO    (base_engine-77): Epc: 67/200, val_loss:0.4825218975810068
[2021-05-11 22:41:10,459] INFO    (base_engine-101): current lr_rate is [1.0000000000000002e-07]
[2021-05-11 22:41:10,463] INFO    (base_engine-77): Epc: 68/200, val_loss:0.4825218975810068
[2021-05-11 22:42:21,874] INFO    (base_engine-101): current lr_rate is [1.0000000000000002e-07]
[2021-05-11 22:42:21,876] INFO    (base_engine-77): Epc: 69/200, val_loss:0.4825218975810068
[2021-05-11 22:43:34,072] INFO    (base_engine-101): current lr_rate is [1.0000000000000002e-07]
[2021-05-11 22:43:34,073] INFO    (base_engine-77): Epc: 70/200, val_loss:0.4825218975810068
[2021-05-11 22:44:47,016] INFO    (base_engine-101): current lr_rate is [1.0000000000000004e-08]
[2021-05-11 22:44:47,018] INFO    (base_engine-77): Epc: 71/200, val_loss:0.4825218975810068
[2021-05-11 22:45:59,927] INFO    (base_engine-101): current lr_rate is [1.0000000000000004e-08]
[2021-05-11 22:45:59,929] INFO    (base_engine-77): Epc: 72/200, val_loss:0.4825218975810068
[2021-05-11 22:47:11,694] INFO    (base_engine-101): current lr_rate is [1.0000000000000004e-08]
[2021-05-11 22:47:11,696] INFO    (base_engine-77): Epc: 73/200, val_loss:0.4825218975810068
[2021-05-11 22:48:21,795] INFO    (base_engine-101): current lr_rate is [1.0000000000000004e-08]
[2021-05-11 22:48:21,797] INFO    (base_engine-77): Epc: 74/200, val_loss:0.4825218975810068
[2021-05-11 22:49:33,806] INFO    (base_engine-101): current lr_rate is [1.0000000000000004e-08]
[2021-05-11 22:49:33,808] INFO    (base_engine-77): Epc: 75/200, val_loss:0.4825218975810068
[2021-05-11 22:50:45,631] INFO    (base_engine-101): current lr_rate is [1.0000000000000004e-08]
[2021-05-11 22:50:45,633] INFO    (base_engine-77): Epc: 76/200, val_loss:0.4825218975810068
[2021-05-11 22:51:57,375] INFO    (base_engine-101): current lr_rate is [1.0000000000000004e-08]
[2021-05-11 22:51:57,377] INFO    (base_engine-77): Epc: 77/200, val_loss:0.4825218975810068
[2021-05-11 22:53:10,307] INFO    (base_engine-101): current lr_rate is [1.0000000000000004e-08]
[2021-05-11 22:53:10,308] INFO    (base_engine-77): Epc: 78/200, val_loss:0.4825218975810068
[2021-05-11 22:54:21,894] INFO    (base_engine-101): current lr_rate is [1.0000000000000004e-08]
[2021-05-11 22:54:21,896] INFO    (base_engine-77): Epc: 79/200, val_loss:0.4825218975810068
[2021-05-11 22:55:33,390] INFO    (base_engine-101): current lr_rate is [1.0000000000000004e-08]
[2021-05-11 22:55:33,392] INFO    (base_engine-77): Epc: 80/200, val_loss:0.4825218975810068
[2021-05-11 22:56:43,718] INFO    (base_engine-101): current lr_rate is [1.0000000000000004e-08]
[2021-05-11 22:56:43,720] INFO    (base_engine-77): Epc: 81/200, val_loss:0.4825218975810068
[2021-05-11 22:57:54,483] INFO    (base_engine-101): current lr_rate is [1.0000000000000004e-08]
[2021-05-11 22:57:54,485] INFO    (base_engine-77): Epc: 82/200, val_loss:0.4825218975810068
[2021-05-11 22:59:06,052] INFO    (base_engine-101): current lr_rate is [1.0000000000000004e-08]
[2021-05-11 22:59:06,054] INFO    (base_engine-77): Epc: 83/200, val_loss:0.4825218975810068
[2021-05-11 23:00:18,174] INFO    (base_engine-101): current lr_rate is [1.0000000000000004e-08]
[2021-05-11 23:00:18,175] INFO    (base_engine-77): Epc: 84/200, val_loss:0.4825218975810068
[2021-05-11 23:01:29,924] INFO    (base_engine-101): current lr_rate is [1.0000000000000004e-08]
[2021-05-11 23:01:29,926] INFO    (base_engine-77): Epc: 85/200, val_loss:0.4825218975810068
[2021-05-11 23:02:40,841] INFO    (base_engine-101): current lr_rate is [1.0000000000000004e-08]
[2021-05-11 23:02:40,842] INFO    (base_engine-77): Epc: 86/200, val_loss:0.4825218975810068
[2021-05-11 23:03:51,182] INFO    (base_engine-101): current lr_rate is [1.0000000000000004e-08]
[2021-05-11 23:03:51,184] INFO    (base_engine-77): Epc: 87/200, val_loss:0.4825218975810068
[2021-05-11 23:05:02,388] INFO    (base_engine-101): current lr_rate is [1.0000000000000004e-08]
[2021-05-11 23:05:02,390] INFO    (base_engine-77): Epc: 88/200, val_loss:0.4825218975810068
[2021-05-11 23:06:14,024] INFO    (base_engine-101): current lr_rate is [1.0000000000000004e-08]
[2021-05-11 23:06:14,025] INFO    (base_engine-77): Epc: 89/200, val_loss:0.4825218975810068
[2021-05-11 23:07:26,259] INFO    (base_engine-101): current lr_rate is [1.0000000000000004e-08]
[2021-05-11 23:07:26,261] INFO    (base_engine-77): Epc: 90/200, val_loss:0.4825218975810068
[2021-05-11 23:08:35,822] INFO    (base_engine-101): current lr_rate is [1.0000000000000004e-08]
[2021-05-11 23:08:35,824] INFO    (base_engine-77): Epc: 91/200, val_loss:0.4825218975810068
[2021-05-11 23:09:46,605] INFO    (base_engine-101): current lr_rate is [1.0000000000000004e-08]
[2021-05-11 23:09:46,607] INFO    (base_engine-77): Epc: 92/200, val_loss:0.4825218975810068
[2021-05-11 23:10:58,050] INFO    (base_engine-101): current lr_rate is [1.0000000000000004e-08]
[2021-05-11 23:10:58,052] INFO    (base_engine-77): Epc: 93/200, val_loss:0.4825218975810068
[2021-05-11 23:12:08,225] INFO    (base_engine-101): current lr_rate is [1.0000000000000004e-08]
[2021-05-11 23:12:08,227] INFO    (base_engine-77): Epc: 94/200, val_loss:0.4825218975810068
[2021-05-11 23:13:18,811] INFO    (base_engine-101): current lr_rate is [1.0000000000000004e-08]
[2021-05-11 23:13:18,813] INFO    (base_engine-77): Epc: 95/200, val_loss:0.4825218975810068
[2021-05-11 23:14:30,611] INFO    (base_engine-101): current lr_rate is [1.0000000000000004e-08]
[2021-05-11 23:14:30,613] INFO    (base_engine-77): Epc: 96/200, val_loss:0.4825218975810068
[2021-05-11 23:15:41,869] INFO    (base_engine-101): current lr_rate is [1.0000000000000004e-08]
[2021-05-11 23:15:41,899] INFO    (base_engine-77): Epc: 97/200, val_loss:0.4825218975810068
[2021-05-11 23:16:53,189] INFO    (base_engine-101): current lr_rate is [1.0000000000000004e-08]
[2021-05-11 23:16:53,191] INFO    (base_engine-77): Epc: 98/200, val_loss:0.4825218975810068
[2021-05-11 23:18:04,308] INFO    (base_engine-101): current lr_rate is [1.0000000000000004e-08]
[2021-05-11 23:18:04,310] INFO    (base_engine-77): Epc: 99/200, val_loss:0.4825218975810068
[2021-05-11 23:19:15,298] INFO    (base_engine-101): current lr_rate is [1.0000000000000004e-08]
[2021-05-11 23:19:15,300] INFO    (base_engine-77): Epc: 100/200, val_loss:0.4825218975810068
[2021-05-11 23:20:24,650] INFO    (base_engine-101): current lr_rate is [1.0000000000000004e-08]
[2021-05-11 23:20:24,651] INFO    (base_engine-77): Epc: 101/200, val_loss:0.4825218975810068
[2021-05-11 23:21:35,162] INFO    (base_engine-101): current lr_rate is [1.0000000000000004e-08]
[2021-05-11 23:21:35,164] INFO    (base_engine-77): Epc: 102/200, val_loss:0.4825218975810068
[2021-05-11 23:22:46,955] INFO    (base_engine-101): current lr_rate is [1.0000000000000004e-08]
[2021-05-11 23:22:46,957] INFO    (base_engine-77): Epc: 103/200, val_loss:0.4825218975810068
[2021-05-11 23:23:58,285] INFO    (base_engine-101): current lr_rate is [1.0000000000000004e-08]
[2021-05-11 23:23:58,286] INFO    (base_engine-77): Epc: 104/200, val_loss:0.4825218975810068
[2021-05-11 23:25:10,681] INFO    (base_engine-101): current lr_rate is [1.0000000000000004e-08]
[2021-05-11 23:25:10,683] INFO    (base_engine-77): Epc: 105/200, val_loss:0.4825218975810068
[2021-05-11 23:26:22,710] INFO    (base_engine-101): current lr_rate is [1.0000000000000004e-08]
[2021-05-11 23:26:22,712] INFO    (base_engine-77): Epc: 106/200, val_loss:0.4825218975810068
[2021-05-11 23:27:33,584] INFO    (base_engine-101): current lr_rate is [1.0000000000000004e-08]
[2021-05-11 23:27:33,586] INFO    (base_engine-77): Epc: 107/200, val_loss:0.4825218975810068
