[2021-05-03 01:56:51,697] INFO    (__init__-24): DEVICE: cuda, found 1 gpus: ['0']
[2021-05-03 01:57:22,495] INFO    (__init__-24): DEVICE: cuda, found 1 gpus: ['0']
[2021-05-03 04:00:09,891] INFO    (__init__-24): DEVICE: cuda, found 1 gpus: ['0']
[2021-05-03 04:01:32,886] INFO    (__init__-24): DEVICE: cuda, found 1 gpus: ['0']
[2021-05-03 04:01:32,898] INFO    (main_entry-51): {} samples for training
 {} samples for validation
[2021-05-03 04:01:49,589] INFO    (__init__-24): DEVICE: cuda, found 1 gpus: ['0']
[2021-05-03 04:01:49,600] INFO    (main_entry-51): {} samples for training
 {} samples for validation
[2021-05-03 04:02:16,889] INFO    (__init__-24): DEVICE: cuda, found 1 gpus: ['0']
[2021-05-03 04:02:16,901] INFO    (main_entry-51): 18943 samples for training
 3481 samples for validation
[2021-05-03 04:02:59,129] INFO    (base_engine-64): Train >>> ISSUE01_EXP1
[2021-05-03 04:03:05,400] INFO    (base_engine-77): Epc: 0/200, val_loss:100000000.0
[2021-05-03 04:04:17,075] INFO    (__init__-24): DEVICE: cuda, found 1 gpus: ['0']
[2021-05-03 04:04:17,087] INFO    (main_entry-51): 18943 samples for training --- 3481 samples for validation
[2021-05-03 04:04:44,296] INFO    (__init__-24): DEVICE: cuda, found 1 gpus: ['0']
[2021-05-03 04:04:44,308] INFO    (main_entry-51): 18943 samples for training --- 3481 samples for validation
[2021-05-03 04:04:56,012] INFO    (base_engine-64): Train >>> ISSUE01_EXP1
[2021-05-03 04:04:56,018] INFO    (base_engine-77): Epc: 0/200, val_loss:100000000.0
[2021-05-03 04:05:43,491] INFO    (__init__-24): DEVICE: cuda, found 1 gpus: ['0']
[2021-05-03 04:05:43,503] INFO    (main_entry-51): 18943 samples for training --- 3481 samples for validation
[2021-05-03 04:05:58,158] INFO    (base_engine-64): Train >>> ISSUE01_EXP1
[2021-05-03 04:06:02,062] INFO    (base_engine-77): Epc: 0/200, val_loss:100000000.0
[2021-05-03 04:06:49,666] INFO    (__init__-24): DEVICE: cuda, found 1 gpus: ['0']
[2021-05-03 04:06:49,678] INFO    (main_entry-51): 18943 samples for training --- 3481 samples for validation
[2021-05-03 04:06:55,788] INFO    (base_engine-64): Train >>> ISSUE01_EXP1
[2021-05-03 04:06:55,795] INFO    (base_engine-77): Epc: 0/200, val_loss:100000000.0
[2021-05-03 04:08:59,974] INFO    (__init__-24): DEVICE: cuda, found 1 gpus: ['0']
[2021-05-03 04:08:59,987] INFO    (main_entry-51): 18943 samples for training --- 3481 samples for validation
[2021-05-03 04:09:12,496] INFO    (base_engine-64): Train >>> ISSUE01_EXP1
[2021-05-03 04:09:12,502] INFO    (base_engine-77): Epc: 0/200, val_loss:100000000.0
[2021-05-03 04:11:38,910] INFO    (__init__-24): DEVICE: cuda, found 1 gpus: ['0']
[2021-05-03 04:11:38,922] INFO    (main_entry-51): 18943 samples for training --- 3481 samples for validation
[2021-05-03 04:11:42,752] INFO    (base_engine-64): Train >>> ISSUE01_EXP1
[2021-05-03 04:11:42,767] INFO    (base_engine-77): Epc: 0/200, val_loss:100000000.0
[2021-05-03 04:12:34,420] INFO    (__init__-24): DEVICE: cuda, found 1 gpus: ['0']
[2021-05-03 04:12:34,432] INFO    (main_entry-51): 18943 samples for training --- 3481 samples for validation
[2021-05-03 04:12:41,319] INFO    (base_engine-64): Train >>> ISSUE01_EXP1
[2021-05-03 04:12:41,325] INFO    (base_engine-77): Epc: 0/200, val_loss:100000000.0
[2021-05-03 04:16:58,762] INFO    (__init__-24): DEVICE: cuda, found 1 gpus: ['0']
[2021-05-03 04:16:58,774] INFO    (main_entry-51): 18943 samples for training --- 3481 samples for validation
[2021-05-03 04:17:00,624] INFO    (base_engine-64): Train >>> ISSUE01_EXP1
[2021-05-03 04:17:00,630] INFO    (base_engine-77): Epc: 0/200, val_loss:100000000.0
[2021-05-03 04:17:21,912] INFO    (__init__-24): DEVICE: cuda, found 1 gpus: ['0']
[2021-05-03 04:17:21,924] INFO    (main_entry-51): 18943 samples for training --- 3481 samples for validation
[2021-05-03 04:17:23,800] INFO    (base_engine-64): Train >>> ISSUE01_EXP1
[2021-05-03 04:17:23,806] INFO    (base_engine-77): Epc: 0/200, val_loss:100000000.0
[2021-05-03 04:19:53,052] INFO    (__init__-24): DEVICE: cuda, found 1 gpus: ['0']
[2021-05-03 04:19:53,064] INFO    (main_entry-51): 18943 samples for training --- 3481 samples for validation
[2021-05-03 04:19:54,958] INFO    (base_engine-64): Train >>> ISSUE01_EXP1
[2021-05-03 04:19:54,964] INFO    (base_engine-77): Epc: 0/200, val_loss:100000000.0
[2021-05-03 04:20:53,844] INFO    (__init__-24): DEVICE: cuda, found 1 gpus: ['0']
[2021-05-03 04:20:53,856] INFO    (main_entry-51): 18943 samples for training --- 3481 samples for validation
[2021-05-03 04:20:55,754] INFO    (base_engine-64): Train >>> ISSUE01_EXP1
[2021-05-03 04:20:55,760] INFO    (base_engine-77): Epc: 0/200, val_loss:100000000.0
[2021-05-03 09:52:37,429] INFO    (__init__-24): DEVICE: cuda, found 1 gpus: ['0']
[2021-05-03 09:52:37,473] INFO    (main_entry-51): 18943 samples for training --- 3481 samples for validation
[2021-05-03 09:52:48,396] INFO    (base_engine-64): Train >>> ISSUE01_EXP1
[2021-05-03 09:52:48,404] INFO    (base_engine-77): Epc: 0/200, val_loss:100000000.0
