[2021-05-13 21:17:10,666] INFO    (__init__-24): DEVICE: cuda, found 2 gpus: ['0', '1']
[2021-05-13 21:17:10,676] INFO    (__init__-37): tfboard writer created. 
[2021-05-13 21:17:10,696] INFO    (main_entry-53): 18943 samples for training --- 3481 samples for validation
[2021-05-13 21:17:17,314] INFO    (main_entry-99): Margin = 2.0
[2021-05-13 21:17:17,318] INFO    (base_engine-64): Train >>> ISSUE01_EXP3
[2021-05-13 21:17:17,319] INFO    (base_engine-78): Epc: 0/100, val_loss:100000000.0
[2021-05-13 21:18:39,620] INFO    (base_engine-99): New min Val loss 1.4185 at [000]: Val_Accu:0.56
[2021-05-13 21:18:46,862] INFO    (base_engine-102): current lr_rate is [0.001]
[2021-05-13 21:18:46,863] INFO    (base_engine-78): Epc: 1/100, val_loss:1.4184849262237549
[2021-05-13 21:19:58,651] INFO    (base_engine-99): New min Val loss 1.0337 at [001]: Val_Accu:0.64
[2021-05-13 21:20:04,860] INFO    (base_engine-102): current lr_rate is [0.001]
[2021-05-13 21:20:04,861] INFO    (base_engine-78): Epc: 2/100, val_loss:1.0336819546563285
[2021-05-13 21:21:16,342] INFO    (base_engine-102): current lr_rate is [0.001]
[2021-05-13 21:21:16,344] INFO    (base_engine-78): Epc: 3/100, val_loss:1.0336819546563285
[2021-05-13 21:22:27,608] INFO    (base_engine-99): New min Val loss 0.7345 at [003]: Val_Accu:0.70
[2021-05-13 21:22:34,229] INFO    (base_engine-102): current lr_rate is [0.001]
[2021-05-13 21:22:34,231] INFO    (base_engine-78): Epc: 4/100, val_loss:0.7345474319798606
[2021-05-13 21:23:44,589] INFO    (base_engine-102): current lr_rate is [0.001]
[2021-05-13 21:23:44,590] INFO    (base_engine-78): Epc: 5/100, val_loss:0.7345474319798606
[2021-05-13 21:24:57,479] INFO    (base_engine-99): New min Val loss 0.5988 at [005]: Val_Accu:0.74
[2021-05-13 21:25:04,333] INFO    (base_engine-102): current lr_rate is [0.001]
[2021-05-13 21:25:04,335] INFO    (base_engine-78): Epc: 6/100, val_loss:0.5988001440252576
[2021-05-13 21:26:16,189] INFO    (base_engine-102): current lr_rate is [0.001]
[2021-05-13 21:26:16,190] INFO    (base_engine-78): Epc: 7/100, val_loss:0.5988001440252576
[2021-05-13 21:27:27,420] INFO    (base_engine-102): current lr_rate is [0.001]
[2021-05-13 21:27:27,422] INFO    (base_engine-78): Epc: 8/100, val_loss:0.5988001440252576
[2021-05-13 21:28:38,491] INFO    (base_engine-99): New min Val loss 0.5946 at [008]: Val_Accu:0.76
[2021-05-13 21:28:44,846] INFO    (base_engine-102): current lr_rate is [0.001]
[2021-05-13 21:28:44,848] INFO    (base_engine-78): Epc: 9/100, val_loss:0.5945931460176196
[2021-05-13 21:29:57,243] INFO    (base_engine-102): current lr_rate is [0.001]
[2021-05-13 21:29:57,245] INFO    (base_engine-78): Epc: 10/100, val_loss:0.5945931460176196
[2021-05-13 21:31:11,698] INFO    (base_engine-102): current lr_rate is [0.001]
[2021-05-13 21:31:11,700] INFO    (base_engine-78): Epc: 11/100, val_loss:0.5945931460176196
[2021-05-13 21:32:22,563] INFO    (base_engine-102): current lr_rate is [0.001]
[2021-05-13 21:32:22,565] INFO    (base_engine-78): Epc: 12/100, val_loss:0.5945931460176196
[2021-05-13 21:33:34,066] INFO    (base_engine-99): New min Val loss 0.5352 at [012]: Val_Accu:0.77
[2021-05-13 21:33:41,726] INFO    (base_engine-102): current lr_rate is [0.001]
[2021-05-13 21:33:41,728] INFO    (base_engine-78): Epc: 13/100, val_loss:0.5352116525173187
[2021-05-13 21:34:53,397] INFO    (base_engine-102): current lr_rate is [0.001]
[2021-05-13 21:34:53,398] INFO    (base_engine-78): Epc: 14/100, val_loss:0.5352116525173187
[2021-05-13 21:36:04,670] INFO    (base_engine-102): current lr_rate is [0.001]
[2021-05-13 21:36:04,672] INFO    (base_engine-78): Epc: 15/100, val_loss:0.5352116525173187
[2021-05-13 21:37:17,937] INFO    (base_engine-102): current lr_rate is [0.001]
[2021-05-13 21:37:17,939] INFO    (base_engine-78): Epc: 16/100, val_loss:0.5352116525173187
[2021-05-13 21:38:29,246] INFO    (base_engine-102): current lr_rate is [0.001]
[2021-05-13 21:38:29,249] INFO    (base_engine-78): Epc: 17/100, val_loss:0.5352116525173187
[2021-05-13 21:39:41,235] INFO    (base_engine-102): current lr_rate is [0.001]
[2021-05-13 21:39:41,237] INFO    (base_engine-78): Epc: 18/100, val_loss:0.5352116525173187
[2021-05-13 21:40:52,324] INFO    (base_engine-102): current lr_rate is [0.001]
[2021-05-13 21:40:52,328] INFO    (base_engine-78): Epc: 19/100, val_loss:0.5352116525173187
[2021-05-13 21:42:04,215] INFO    (base_engine-102): current lr_rate is [0.001]
[2021-05-13 21:42:04,216] INFO    (base_engine-78): Epc: 20/100, val_loss:0.5352116525173187
[2021-05-13 21:43:15,802] INFO    (base_engine-102): current lr_rate is [0.001]
[2021-05-13 21:43:15,804] INFO    (base_engine-78): Epc: 21/100, val_loss:0.5352116525173187
[2021-05-13 21:44:28,414] INFO    (base_engine-102): current lr_rate is [0.001]
[2021-05-13 21:44:28,415] INFO    (base_engine-78): Epc: 22/100, val_loss:0.5352116525173187
[2021-05-13 21:45:39,864] INFO    (base_engine-102): current lr_rate is [0.001]
[2021-05-13 21:45:39,865] INFO    (base_engine-78): Epc: 23/100, val_loss:0.5352116525173187
[2021-05-13 21:46:51,802] INFO    (base_engine-102): current lr_rate is [0.0001]
[2021-05-13 21:46:51,804] INFO    (base_engine-78): Epc: 24/100, val_loss:0.5352116525173187
[2021-05-13 21:48:03,214] INFO    (base_engine-102): current lr_rate is [0.0001]
[2021-05-13 21:48:03,215] INFO    (base_engine-78): Epc: 25/100, val_loss:0.5352116525173187
[2021-05-13 21:49:13,979] INFO    (base_engine-102): current lr_rate is [0.0001]
[2021-05-13 21:49:13,981] INFO    (base_engine-78): Epc: 26/100, val_loss:0.5352116525173187
[2021-05-13 21:50:25,968] INFO    (base_engine-102): current lr_rate is [0.0001]
[2021-05-13 21:50:25,973] INFO    (base_engine-78): Epc: 27/100, val_loss:0.5352116525173187
[2021-05-13 21:51:38,518] INFO    (base_engine-102): current lr_rate is [0.0001]
[2021-05-13 21:51:38,520] INFO    (base_engine-78): Epc: 28/100, val_loss:0.5352116525173187
[2021-05-13 21:52:49,953] INFO    (base_engine-102): current lr_rate is [0.0001]
[2021-05-13 21:52:49,954] INFO    (base_engine-78): Epc: 29/100, val_loss:0.5352116525173187
[2021-05-13 21:54:00,843] INFO    (base_engine-102): current lr_rate is [0.0001]
[2021-05-13 21:54:00,845] INFO    (base_engine-78): Epc: 30/100, val_loss:0.5352116525173187
[2021-05-13 21:55:11,736] INFO    (base_engine-102): current lr_rate is [0.0001]
[2021-05-13 21:55:11,737] INFO    (base_engine-78): Epc: 31/100, val_loss:0.5352116525173187
[2021-05-13 21:56:23,893] INFO    (base_engine-102): current lr_rate is [0.0001]
[2021-05-13 21:56:23,895] INFO    (base_engine-78): Epc: 32/100, val_loss:0.5352116525173187
[2021-05-13 21:57:35,246] INFO    (base_engine-102): current lr_rate is [0.0001]
[2021-05-13 21:57:35,248] INFO    (base_engine-78): Epc: 33/100, val_loss:0.5352116525173187
[2021-05-13 21:58:48,925] INFO    (base_engine-102): current lr_rate is [0.0001]
[2021-05-13 21:58:48,927] INFO    (base_engine-78): Epc: 34/100, val_loss:0.5352116525173187
[2021-05-13 21:59:59,700] INFO    (base_engine-102): current lr_rate is [1e-05]
[2021-05-13 21:59:59,702] INFO    (base_engine-78): Epc: 35/100, val_loss:0.5352116525173187
[2021-05-13 22:01:10,608] INFO    (base_engine-102): current lr_rate is [1e-05]
[2021-05-13 22:01:10,610] INFO    (base_engine-78): Epc: 36/100, val_loss:0.5352116525173187
[2021-05-13 22:02:22,126] INFO    (base_engine-102): current lr_rate is [1e-05]
[2021-05-13 22:02:22,128] INFO    (base_engine-78): Epc: 37/100, val_loss:0.5352116525173187
[2021-05-13 22:03:34,583] INFO    (base_engine-102): current lr_rate is [1e-05]
[2021-05-13 22:03:34,589] INFO    (base_engine-78): Epc: 38/100, val_loss:0.5352116525173187
[2021-05-13 22:04:46,816] INFO    (base_engine-102): current lr_rate is [1e-05]
[2021-05-13 22:04:46,818] INFO    (base_engine-78): Epc: 39/100, val_loss:0.5352116525173187
[2021-05-13 22:06:04,541] INFO    (base_engine-102): current lr_rate is [1e-05]
[2021-05-13 22:06:04,543] INFO    (base_engine-78): Epc: 40/100, val_loss:0.5352116525173187
[2021-05-13 22:07:16,170] INFO    (base_engine-102): current lr_rate is [1e-05]
[2021-05-13 22:07:16,171] INFO    (base_engine-78): Epc: 41/100, val_loss:0.5352116525173187
[2021-05-13 22:08:28,309] INFO    (base_engine-102): current lr_rate is [1e-05]
[2021-05-13 22:08:28,310] INFO    (base_engine-78): Epc: 42/100, val_loss:0.5352116525173187
[2021-05-13 22:09:40,773] INFO    (base_engine-102): current lr_rate is [1e-05]
[2021-05-13 22:09:40,775] INFO    (base_engine-78): Epc: 43/100, val_loss:0.5352116525173187
[2021-05-13 22:10:53,184] INFO    (base_engine-102): current lr_rate is [1e-05]
[2021-05-13 22:10:53,186] INFO    (base_engine-78): Epc: 44/100, val_loss:0.5352116525173187
[2021-05-13 22:12:06,567] INFO    (base_engine-102): current lr_rate is [1e-05]
[2021-05-13 22:12:06,568] INFO    (base_engine-78): Epc: 45/100, val_loss:0.5352116525173187
[2021-05-13 22:13:18,681] INFO    (base_engine-102): current lr_rate is [1e-05]
[2021-05-13 22:13:18,683] INFO    (base_engine-78): Epc: 46/100, val_loss:0.5352116525173187
[2021-05-13 22:14:30,043] INFO    (base_engine-102): current lr_rate is [1e-05]
[2021-05-13 22:14:30,045] INFO    (base_engine-78): Epc: 47/100, val_loss:0.5352116525173187
[2021-05-13 22:15:40,961] INFO    (base_engine-102): current lr_rate is [1e-05]
[2021-05-13 22:15:40,963] INFO    (base_engine-78): Epc: 48/100, val_loss:0.5352116525173187
[2021-05-13 22:16:52,906] INFO    (base_engine-102): current lr_rate is [1e-05]
[2021-05-13 22:16:52,909] INFO    (base_engine-78): Epc: 49/100, val_loss:0.5352116525173187
[2021-05-13 22:18:04,570] INFO    (base_engine-102): current lr_rate is [1e-05]
[2021-05-13 22:18:04,572] INFO    (base_engine-78): Epc: 50/100, val_loss:0.5352116525173187
[2021-05-13 22:19:18,202] INFO    (base_engine-102): current lr_rate is [1e-05]
[2021-05-13 22:19:18,203] INFO    (base_engine-78): Epc: 51/100, val_loss:0.5352116525173187
[2021-05-13 22:20:30,298] INFO    (base_engine-102): current lr_rate is [1e-05]
[2021-05-13 22:20:30,300] INFO    (base_engine-78): Epc: 52/100, val_loss:0.5352116525173187
[2021-05-13 22:21:41,482] INFO    (base_engine-102): current lr_rate is [1e-05]
[2021-05-13 22:21:41,484] INFO    (base_engine-78): Epc: 53/100, val_loss:0.5352116525173187
[2021-05-13 22:22:53,025] INFO    (base_engine-102): current lr_rate is [1e-05]
[2021-05-13 22:22:53,027] INFO    (base_engine-78): Epc: 54/100, val_loss:0.5352116525173187
[2021-05-13 22:24:04,849] INFO    (base_engine-102): current lr_rate is [1e-05]
[2021-05-13 22:24:04,851] INFO    (base_engine-78): Epc: 55/100, val_loss:0.5352116525173187
[2021-05-13 22:25:17,668] INFO    (base_engine-102): current lr_rate is [1e-05]
[2021-05-13 22:25:17,673] INFO    (base_engine-78): Epc: 56/100, val_loss:0.5352116525173187
[2021-05-13 22:26:30,968] INFO    (base_engine-102): current lr_rate is [1e-05]
[2021-05-13 22:26:30,970] INFO    (base_engine-78): Epc: 57/100, val_loss:0.5352116525173187
[2021-05-13 22:27:42,641] INFO    (base_engine-102): current lr_rate is [1e-05]
[2021-05-13 22:27:42,643] INFO    (base_engine-78): Epc: 58/100, val_loss:0.5352116525173187
[2021-05-13 22:28:54,576] INFO    (base_engine-102): current lr_rate is [1e-05]
[2021-05-13 22:28:54,579] INFO    (base_engine-78): Epc: 59/100, val_loss:0.5352116525173187
[2021-05-13 22:30:05,503] INFO    (base_engine-102): current lr_rate is [1e-05]
[2021-05-13 22:30:05,504] INFO    (base_engine-78): Epc: 60/100, val_loss:0.5352116525173187
[2021-05-13 22:31:17,435] INFO    (base_engine-102): current lr_rate is [1e-05]
[2021-05-13 22:31:17,437] INFO    (base_engine-78): Epc: 61/100, val_loss:0.5352116525173187
[2021-05-13 22:32:30,088] INFO    (base_engine-102): current lr_rate is [1e-05]
[2021-05-13 22:32:30,090] INFO    (base_engine-78): Epc: 62/100, val_loss:0.5352116525173187
[2021-05-13 22:33:42,449] INFO    (base_engine-102): current lr_rate is [1e-05]
[2021-05-13 22:33:42,451] INFO    (base_engine-78): Epc: 63/100, val_loss:0.5352116525173187
[2021-05-13 22:34:53,772] INFO    (base_engine-102): current lr_rate is [1e-05]
[2021-05-13 22:34:53,774] INFO    (base_engine-78): Epc: 64/100, val_loss:0.5352116525173187
[2021-05-13 22:36:05,310] INFO    (base_engine-102): current lr_rate is [1e-05]
[2021-05-13 22:36:05,312] INFO    (base_engine-78): Epc: 65/100, val_loss:0.5352116525173187
[2021-05-13 22:37:16,957] INFO    (base_engine-102): current lr_rate is [1e-05]
[2021-05-13 22:37:16,959] INFO    (base_engine-78): Epc: 66/100, val_loss:0.5352116525173187
[2021-05-13 22:38:29,275] INFO    (base_engine-102): current lr_rate is [1e-05]
[2021-05-13 22:38:29,277] INFO    (base_engine-78): Epc: 67/100, val_loss:0.5352116525173187
[2021-05-13 22:39:42,720] INFO    (base_engine-102): current lr_rate is [1e-05]
[2021-05-13 22:39:42,721] INFO    (base_engine-78): Epc: 68/100, val_loss:0.5352116525173187
[2021-05-13 22:40:54,817] INFO    (base_engine-102): current lr_rate is [1e-05]
[2021-05-13 22:40:54,819] INFO    (base_engine-78): Epc: 69/100, val_loss:0.5352116525173187
[2021-05-13 22:42:05,921] INFO    (base_engine-102): current lr_rate is [1e-05]
[2021-05-13 22:42:05,930] INFO    (base_engine-78): Epc: 70/100, val_loss:0.5352116525173187
[2021-05-13 22:43:17,240] INFO    (base_engine-102): current lr_rate is [1e-05]
[2021-05-13 22:43:17,242] INFO    (base_engine-78): Epc: 71/100, val_loss:0.5352116525173187
[2021-05-13 22:44:28,550] INFO    (base_engine-102): current lr_rate is [1e-05]
[2021-05-13 22:44:28,551] INFO    (base_engine-78): Epc: 72/100, val_loss:0.5352116525173187
[2021-05-13 22:45:41,849] INFO    (base_engine-102): current lr_rate is [1e-05]
[2021-05-13 22:45:41,850] INFO    (base_engine-78): Epc: 73/100, val_loss:0.5352116525173187
[2021-05-13 22:46:55,869] INFO    (base_engine-102): current lr_rate is [1e-05]
[2021-05-13 22:46:55,871] INFO    (base_engine-78): Epc: 74/100, val_loss:0.5352116525173187
[2021-05-13 22:48:06,488] INFO    (base_engine-102): current lr_rate is [1e-05]
[2021-05-13 22:48:06,501] INFO    (base_engine-78): Epc: 75/100, val_loss:0.5352116525173187
[2021-05-13 22:49:17,721] INFO    (base_engine-102): current lr_rate is [1e-05]
[2021-05-13 22:49:17,736] INFO    (base_engine-78): Epc: 76/100, val_loss:0.5352116525173187
[2021-05-13 22:50:29,365] INFO    (base_engine-102): current lr_rate is [1e-05]
[2021-05-13 22:50:29,366] INFO    (base_engine-78): Epc: 77/100, val_loss:0.5352116525173187
[2021-05-13 22:51:41,576] INFO    (base_engine-102): current lr_rate is [1e-05]
[2021-05-13 22:51:41,583] INFO    (base_engine-78): Epc: 78/100, val_loss:0.5352116525173187
[2021-05-13 22:52:54,577] INFO    (base_engine-102): current lr_rate is [1e-05]
[2021-05-13 22:52:54,579] INFO    (base_engine-78): Epc: 79/100, val_loss:0.5352116525173187
[2021-05-13 22:54:11,988] INFO    (base_engine-102): current lr_rate is [1e-05]
[2021-05-13 22:54:11,990] INFO    (base_engine-78): Epc: 80/100, val_loss:0.5352116525173187
[2021-05-13 22:55:21,856] INFO    (base_engine-102): current lr_rate is [1e-05]
[2021-05-13 22:55:21,862] INFO    (base_engine-78): Epc: 81/100, val_loss:0.5352116525173187
[2021-05-13 22:56:34,615] INFO    (base_engine-102): current lr_rate is [1e-05]
[2021-05-13 22:56:34,617] INFO    (base_engine-78): Epc: 82/100, val_loss:0.5352116525173187
[2021-05-13 22:57:44,642] INFO    (base_engine-102): current lr_rate is [1e-05]
[2021-05-13 22:57:44,643] INFO    (base_engine-78): Epc: 83/100, val_loss:0.5352116525173187
[2021-05-13 22:58:57,132] INFO    (base_engine-102): current lr_rate is [1e-05]
[2021-05-13 22:58:57,134] INFO    (base_engine-78): Epc: 84/100, val_loss:0.5352116525173187
[2021-05-13 23:00:11,269] INFO    (base_engine-102): current lr_rate is [1e-05]
[2021-05-13 23:00:11,271] INFO    (base_engine-78): Epc: 85/100, val_loss:0.5352116525173187
[2021-05-13 23:01:23,286] INFO    (base_engine-102): current lr_rate is [1e-05]
[2021-05-13 23:01:23,288] INFO    (base_engine-78): Epc: 86/100, val_loss:0.5352116525173187
[2021-05-13 23:02:34,932] INFO    (base_engine-102): current lr_rate is [1e-05]
[2021-05-13 23:02:34,934] INFO    (base_engine-78): Epc: 87/100, val_loss:0.5352116525173187
[2021-05-13 23:03:47,250] INFO    (base_engine-102): current lr_rate is [1e-05]
[2021-05-13 23:03:47,251] INFO    (base_engine-78): Epc: 88/100, val_loss:0.5352116525173187
[2021-05-13 23:04:59,283] INFO    (base_engine-102): current lr_rate is [1e-05]
[2021-05-13 23:04:59,285] INFO    (base_engine-78): Epc: 89/100, val_loss:0.5352116525173187
[2021-05-13 23:06:10,211] INFO    (base_engine-102): current lr_rate is [1e-05]
[2021-05-13 23:06:10,212] INFO    (base_engine-78): Epc: 90/100, val_loss:0.5352116525173187
[2021-05-13 23:07:23,394] INFO    (base_engine-102): current lr_rate is [1e-05]
[2021-05-13 23:07:23,395] INFO    (base_engine-78): Epc: 91/100, val_loss:0.5352116525173187
[2021-05-13 23:08:34,489] INFO    (base_engine-102): current lr_rate is [1e-05]
[2021-05-13 23:08:34,491] INFO    (base_engine-78): Epc: 92/100, val_loss:0.5352116525173187
[2021-05-13 23:09:46,618] INFO    (base_engine-102): current lr_rate is [1e-05]
[2021-05-13 23:09:46,620] INFO    (base_engine-78): Epc: 93/100, val_loss:0.5352116525173187
[2021-05-13 23:10:57,704] INFO    (base_engine-102): current lr_rate is [1e-05]
[2021-05-13 23:10:57,706] INFO    (base_engine-78): Epc: 94/100, val_loss:0.5352116525173187
[2021-05-13 23:12:09,501] INFO    (base_engine-102): current lr_rate is [1e-05]
[2021-05-13 23:12:09,503] INFO    (base_engine-78): Epc: 95/100, val_loss:0.5352116525173187
[2021-05-13 23:13:21,179] INFO    (base_engine-102): current lr_rate is [1e-05]
[2021-05-13 23:13:21,181] INFO    (base_engine-78): Epc: 96/100, val_loss:0.5352116525173187
[2021-05-13 23:14:34,694] INFO    (base_engine-102): current lr_rate is [1e-05]
[2021-05-13 23:14:34,696] INFO    (base_engine-78): Epc: 97/100, val_loss:0.5352116525173187
[2021-05-13 23:15:46,088] INFO    (base_engine-102): current lr_rate is [1e-05]
[2021-05-13 23:15:46,090] INFO    (base_engine-78): Epc: 98/100, val_loss:0.5352116525173187
[2021-05-13 23:16:58,127] INFO    (base_engine-102): current lr_rate is [1e-05]
[2021-05-13 23:16:58,132] INFO    (base_engine-78): Epc: 99/100, val_loss:0.5352116525173187
[2021-05-13 23:18:09,921] INFO    (base_engine-102): current lr_rate is [1e-05]
